<?xml version="1.0" encoding="UTF-8"?>
<coverage generated="1778290272680" clover="3.2.0">
  <project timestamp="1778290272681" name="All files">
    <metrics statements="12" coveredstatements="12" conditionals="11" coveredconditionals="11" methods="6" coveredmethods="6" elements="29" coveredelements="29" complexity="0" loc="12" ncloc="12" packages="1" files="1" classes="1"/>
    <file name="SideBar.tsx" path="C:\Users\nutri\Desktop\donaton-frontend\src\components\organisms\SideBar.tsx">
      <metrics statements="12" coveredstatements="12" conditionals="11" coveredconditionals="11" methods="6" coveredmethods="6"/>
      <line num="16" count="1" type="stmt"/>
      <line num="26" count="2" type="stmt"/>
      <line num="27" count="10" type="cond" truecount="2" falsecount="0"/>
      <line num="28" count="10" type="stmt"/>
      <line num="29" count="10" type="stmt"/>
      <line num="40" count="1" type="cond" truecount="1" falsecount="0"/>
      <line num="41" count="2" type="stmt"/>
      <line num="43" count="2" type="stmt"/>
      <line num="79" count="6" type="stmt"/>
      <line num="88" count="10" type="stmt"/>
      <line num="89" count="10" type="stmt"/>
      <line num="92" count="1" type="stmt"/>
    </file>
  </project>
</coverage>
