{"C:\\Users\\nutri\\Desktop\\donaton-frontend\\src\\components\\organisms\\SideBar.tsx": {"path":"C:\\Users\\nutri\\Desktop\\donaton-frontend\\src\\components\\organisms\\SideBar.tsx","statementMap":{"0":{"start":{"line":16,"column":29},"end":{"line":22,"column":null}},"1":{"start":{"line":26,"column":2},"end":{"line":30,"column":null}},"2":{"start":{"line":27,"column":4},"end":{"line":27,"column":null}},"3":{"start":{"line":27,"column":28},"end":{"line":27,"column":null}},"4":{"start":{"line":28,"column":4},"end":{"line":28,"column":null}},"5":{"start":{"line":29,"column":4},"end":{"line":29,"column":null}},"6":{"start":{"line":40,"column":13},"end":{"line":120,"column":null}},"7":{"start":{"line":41,"column":18},"end":{"line":41,"column":43}},"8":{"start":{"line":43,"column":2},"end":{"line":120,"column":null}},"9":{"start":{"line":79,"column":10},"end":{"line":118,"column":null}},"10":{"start":{"line":88,"column":31},"end":{"line":88,"column":null}},"11":{"start":{"line":89,"column":14},"end":{"line":115,"column":null}},"12":{"start":{"line":92,"column":33},"end":{"line":92,"column":53}}},"fnMap":{"0":{"name":"groupBySección","decl":{"start":{"line":25,"column":9},"end":{"line":25,"column":24}},"loc":{"start":{"line":25,"column":42},"end":{"line":30,"column":null}},"line":25},"1":{"name":"(anonymous_1)","decl":{"start":{"line":26,"column":15},"end":{"line":26,"column":50}},"loc":{"start":{"line":26,"column":64},"end":{"line":30,"column":7}},"line":26},"2":{"name":"(anonymous_2)","decl":{"start":{"line":40,"column":13},"end":{"line":40,"column":48}},"loc":{"start":{"line":40,"column":94},"end":{"line":120,"column":null}},"line":40},"3":{"name":"(anonymous_3)","decl":{"start":{"line":78,"column":33},"end":{"line":78,"column":38}},"loc":{"start":{"line":79,"column":10},"end":{"line":118,"column":null}},"line":79},"4":{"name":"(anonymous_4)","decl":{"start":{"line":87,"column":19},"end":{"line":87,"column":24}},"loc":{"start":{"line":87,"column":33},"end":{"line":117,"column":null}},"line":87},"5":{"name":"(anonymous_5)","decl":{"start":{"line":92,"column":18},"end":{"line":92,"column":33}},"loc":{"start":{"line":92,"column":33},"end":{"line":92,"column":53}},"line":92}},"branchMap":{"0":{"loc":{"start":{"line":27,"column":4},"end":{"line":27,"column":null}},"type":"if","locations":[{"start":{"line":27,"column":4},"end":{"line":27,"column":null}},{"start":{},"end":{}}],"line":27},"1":{"loc":{"start":{"line":40,"column":73},"end":{"line":40,"column":94}},"type":"default-arg","locations":[{"start":{"line":40,"column":85},"end":{"line":40,"column":94}}],"line":40},"2":{"loc":{"start":{"line":93,"column":32},"end":{"line":93,"column":null}},"type":"cond-expr","locations":[{"start":{"line":93,"column":43},"end":{"line":93,"column":52}},{"start":{"line":93,"column":52},"end":{"line":93,"column":null}}],"line":93},"3":{"loc":{"start":{"line":102,"column":36},"end":{"line":102,"column":null}},"type":"cond-expr","locations":[{"start":{"line":102,"column":47},"end":{"line":102,"column":59}},{"start":{"line":102,"column":59},"end":{"line":102,"column":null}}],"line":102},"4":{"loc":{"start":{"line":103,"column":36},"end":{"line":103,"column":null}},"type":"cond-expr","locations":[{"start":{"line":103,"column":47},"end":{"line":103,"column":59}},{"start":{"line":103,"column":59},"end":{"line":103,"column":null}}],"line":103},"5":{"loc":{"start":{"line":104,"column":36},"end":{"line":104,"column":null}},"type":"cond-expr","locations":[{"start":{"line":104,"column":47},"end":{"line":104,"column":53}},{"start":{"line":104,"column":53},"end":{"line":104,"column":null}}],"line":104}},"s":{"0":1,"1":2,"2":10,"3":6,"4":10,"5":10,"6":1,"7":2,"8":2,"9":6,"10":10,"11":10,"12":1},"f":{"0":2,"1":10,"2":2,"3":6,"4":10,"5":1},"b":{"0":[6,4],"1":[2],"2":[2,8],"3":[2,8],"4":[2,8],"5":[2,8]},"meta":{"lastBranch":6,"lastFunction":6,"lastStatement":13,"seen":{"s:16:29:22:Infinity":0,"f:25:9:25:24":0,"s:26:2:30:Infinity":1,"f:26:15:26:50":1,"b:27:4:27:Infinity:undefined:undefined:undefined:undefined":0,"s:27:4:27:Infinity":2,"s:27:28:27:Infinity":3,"s:28:4:28:Infinity":4,"s:29:4:29:Infinity":5,"s:40:13:120:Infinity":6,"f:40:13:40:48":2,"b:40:85:40:94":1,"s:41:18:41:43":7,"s:43:2:120:Infinity":8,"f:78:33:78:38":3,"s:79:10:118:Infinity":9,"f:87:19:87:24":4,"s:88:31:88:Infinity":10,"s:89:14:115:Infinity":11,"f:92:18:92:33":5,"s:92:33:92:53":12,"b:93:43:93:52:93:52:93:Infinity":2,"b:102:47:102:59:102:59:102:Infinity":3,"b:103:47:103:59:103:59:103:Infinity":4,"b:104:47:104:53:104:53:104:Infinity":5}}}
}
